<?xml version="1.0" encoding="UTF-8"?>
<!-- Generated by org.testng.reporters.JUnitXMLReporter -->
<testsuite ignored="0" hostname="DESKTOP-FFVAVPV" failures="0" tests="5" name="Test" time="0.12" errors="0" timestamp="2020-06-04T00:29:38 PDT">
  <testcase classname="mavenproject.maven.AppiumTest" name="AndriodApp" time="0.012"/>
  <testcase classname="mavenproject.maven.AppiumTest" name="ios" time="0.001"/>
  <testcase classname="mavenproject.maven.SeleniumTest" name="Webtest" time="0.0"/>
  <testcase classname="mavenproject.maven.SeleniumTest" name="application" time="0.001"/>
  <testcase classname="mavenproject.maven.RactTest" name="rect" time="0.001"/>
</testsuite> <!-- Test -->
